Determining if the pthread_create exist failed with the following output:
Change Dir: /home/francesco/catkin_ws/src/ORB_SLAM2/pcl/build/CMakeFiles/CMakeTmp

Run Build Command:"/usr/bin/make" "cmTC_73e66/fast"
/usr/bin/make -f CMakeFiles/cmTC_73e66.dir/build.make CMakeFiles/cmTC_73e66.dir/build
make[1]: ingresso nella directory "/home/francesco/catkin_ws/src/ORB_SLAM2/pcl/build/CMakeFiles/CMakeTmp"
Building C object CMakeFiles/cmTC_73e66.dir/CheckSymbolExists.c.o
/usr/bin/cc     -o CMakeFiles/cmTC_73e66.dir/CheckSymbolExists.c.o   -c /home/francesco/catkin_ws/src/ORB_SLAM2/pcl/build/CMakeFiles/CMakeTmp/CheckSymbolExists.c
Linking C executable cmTC_73e66
/usr/bin/cmake -E cmake_link_script CMakeFiles/cmTC_73e66.dir/link.txt --verbose=1
/usr/bin/cc       CMakeFiles/cmTC_73e66.dir/CheckSymbolExists.c.o  -o cmTC_73e66 -rdynamic 
CMakeFiles/cmTC_73e66.dir/CheckSymbolExists.c.o: nella funzione "main":
CheckSymbolExists.c:(.text+0x16): riferimento non definito a "pthread_create"
collect2: error: ld returned 1 exit status
CMakeFiles/cmTC_73e66.dir/build.make:97: set di istruzioni per l'obiettivo "cmTC_73e66" non riuscito
make[1]: *** [cmTC_73e66] Errore 1
make[1]: uscita dalla directory "/home/francesco/catkin_ws/src/ORB_SLAM2/pcl/build/CMakeFiles/CMakeTmp"
Makefile:126: set di istruzioni per l'obiettivo "cmTC_73e66/fast" non riuscito
make: *** [cmTC_73e66/fast] Errore 2

File /home/francesco/catkin_ws/src/ORB_SLAM2/pcl/build/CMakeFiles/CMakeTmp/CheckSymbolExists.c:
/* */
#include <pthread.h>

int main(int argc, char** argv)
{
  (void)argv;
#ifndef pthread_create
  return ((int*)(&pthread_create))[argc];
#else
  (void)argc;
  return 0;
#endif
}

Determining if the function pthread_create exists in the pthreads failed with the following output:
Change Dir: /home/francesco/catkin_ws/src/ORB_SLAM2/pcl/build/CMakeFiles/CMakeTmp

Run Build Command:"/usr/bin/make" "cmTC_c5084/fast"
/usr/bin/make -f CMakeFiles/cmTC_c5084.dir/build.make CMakeFiles/cmTC_c5084.dir/build
make[1]: ingresso nella directory "/home/francesco/catkin_ws/src/ORB_SLAM2/pcl/build/CMakeFiles/CMakeTmp"
Building C object CMakeFiles/cmTC_c5084.dir/CheckFunctionExists.c.o
/usr/bin/cc    -DCHECK_FUNCTION_EXISTS=pthread_create   -o CMakeFiles/cmTC_c5084.dir/CheckFunctionExists.c.o   -c /usr/share/cmake-3.5/Modules/CheckFunctionExists.c
Linking C executable cmTC_c5084
/usr/bin/cmake -E cmake_link_script CMakeFiles/cmTC_c5084.dir/link.txt --verbose=1
/usr/bin/cc   -DCHECK_FUNCTION_EXISTS=pthread_create    CMakeFiles/cmTC_c5084.dir/CheckFunctionExists.c.o  -o cmTC_c5084 -rdynamic -lpthreads 
/usr/bin/ld: impossibile trovare -lpthreads
collect2: error: ld returned 1 exit status
CMakeFiles/cmTC_c5084.dir/build.make:97: set di istruzioni per l'obiettivo "cmTC_c5084" non riuscito
make[1]: *** [cmTC_c5084] Errore 1
make[1]: uscita dalla directory "/home/francesco/catkin_ws/src/ORB_SLAM2/pcl/build/CMakeFiles/CMakeTmp"
Makefile:126: set di istruzioni per l'obiettivo "cmTC_c5084/fast" non riuscito
make: *** [cmTC_c5084/fast] Errore 2


